0 info it worked if it ends with ok
1 verbose cli [ '/usr/local/bin/node',
1 verbose cli   '/usr/local/bin/npm',
1 verbose cli   'install',
1 verbose cli   '-g',
1 verbose cli   'MagicCrypt' ]
2 info using npm@3.10.10
3 info using node@v6.11.4
4 silly loadCurrentTree Starting
5 silly install loadCurrentTree
6 silly install readGlobalPackageData
7 silly fetchPackageMetaData MagicCrypt
8 silly fetchNamedPackageData MagicCrypt
9 silly mapToRegistry name MagicCrypt
10 silly mapToRegistry using default registry
11 silly mapToRegistry registry https://registry.npmjs.org/
12 silly mapToRegistry data Result {
12 silly mapToRegistry   raw: 'MagicCrypt',
12 silly mapToRegistry   scope: null,
12 silly mapToRegistry   escapedName: 'MagicCrypt',
12 silly mapToRegistry   name: 'MagicCrypt',
12 silly mapToRegistry   rawSpec: '',
12 silly mapToRegistry   spec: 'latest',
12 silly mapToRegistry   type: 'tag' }
13 silly mapToRegistry uri https://registry.npmjs.org/MagicCrypt
14 verbose request uri https://registry.npmjs.org/MagicCrypt
15 verbose request no auth needed
16 info attempt registry request try #1 at 10:23:10 AM
17 verbose request id 1f8c10b4dd3e61f2
18 verbose etag W/"59d3b630-2748"
19 verbose lastModified Tue, 03 Oct 2017 16:09:20 GMT
20 http request GET https://registry.npmjs.org/MagicCrypt
21 http 404 https://registry.npmjs.org/MagicCrypt
22 verbose headers { 'content-type': 'application/json',
22 verbose headers   'cache-control': 'max-age=0',
22 verbose headers   'content-length': '2',
22 verbose headers   'accept-ranges': 'bytes',
22 verbose headers   date: 'Sun, 29 Oct 2017 08:23:11 GMT',
22 verbose headers   via: '1.1 varnish',
22 verbose headers   age: '0',
22 verbose headers   connection: 'keep-alive',
22 verbose headers   'x-served-by': 'cache-jnb7523-JNB',
22 verbose headers   'x-cache': 'MISS',
22 verbose headers   'x-cache-hits': '0',
22 verbose headers   'x-timer': 'S1509265390.393175,VS0,VE1220',
22 verbose headers   vary: 'Accept-Encoding' }
23 silly get cb [ 304, undefined ]
24 verbose etag https://registry.npmjs.org/MagicCrypt from cache
25 verbose get saving magiccrypt to /Users/admin/.npm/registry.npmjs.org/MagicCrypt/.cache.json
26 verbose correctMkdir /Users/admin/.npm correctMkdir not in flight; initializing
27 silly install normalizeTree
28 silly loadCurrentTree Finishing
29 silly loadIdealTree Starting
30 silly install loadIdealTree
31 silly cloneCurrentTree Starting
32 silly install cloneCurrentTreeToIdealTree
33 silly cloneCurrentTree Finishing
34 silly loadShrinkwrap Starting
35 silly install loadShrinkwrap
36 silly loadShrinkwrap Finishing
37 silly loadAllDepsIntoIdealTree Starting
38 silly install loadAllDepsIntoIdealTree
39 silly resolveWithNewModule magiccrypt@2.2.0 checking installable status
40 silly cache add args [ 'MagicCrypt', null ]
41 verbose cache add spec MagicCrypt
42 silly cache add parsed spec Result {
42 silly cache add   raw: 'MagicCrypt',
42 silly cache add   scope: null,
42 silly cache add   escapedName: 'MagicCrypt',
42 silly cache add   name: 'MagicCrypt',
42 silly cache add   rawSpec: '',
42 silly cache add   spec: 'latest',
42 silly cache add   type: 'tag' }
43 silly addNamed MagicCrypt@latest
44 verbose addNamed "latest" is being treated as a dist-tag for MagicCrypt
45 info addNameTag [ 'MagicCrypt', 'latest' ]
46 silly mapToRegistry name MagicCrypt
47 silly mapToRegistry using default registry
48 silly mapToRegistry registry https://registry.npmjs.org/
49 silly mapToRegistry data Result {
49 silly mapToRegistry   raw: 'MagicCrypt',
49 silly mapToRegistry   scope: null,
49 silly mapToRegistry   escapedName: 'MagicCrypt',
49 silly mapToRegistry   name: 'MagicCrypt',
49 silly mapToRegistry   rawSpec: '',
49 silly mapToRegistry   spec: 'latest',
49 silly mapToRegistry   type: 'tag' }
50 silly mapToRegistry uri https://registry.npmjs.org/MagicCrypt
51 verbose addNameTag registry:https://registry.npmjs.org/MagicCrypt not in flight; fetching
52 verbose get https://registry.npmjs.org/MagicCrypt not expired, no request
53 silly addNameTag next cb for MagicCrypt with tag latest
54 silly addNamed MagicCrypt@2.2.0
55 verbose addNamed "2.2.0" is a plain semver version for MagicCrypt
56 silly cache afterAdd magiccrypt@2.2.0
57 verbose afterAdd /Users/admin/.npm/magiccrypt/2.2.0/package/package.json not in flight; writing
58 verbose correctMkdir /Users/admin/.npm correctMkdir not in flight; initializing
59 verbose afterAdd /Users/admin/.npm/magiccrypt/2.2.0/package/package.json written
60 silly fetchNamedPackageData mhash
61 silly mapToRegistry name mhash
62 silly mapToRegistry using default registry
63 silly mapToRegistry registry https://registry.npmjs.org/
64 silly mapToRegistry data Result {
64 silly mapToRegistry   raw: 'mhash',
64 silly mapToRegistry   scope: null,
64 silly mapToRegistry   escapedName: 'mhash',
64 silly mapToRegistry   name: 'mhash',
64 silly mapToRegistry   rawSpec: '',
64 silly mapToRegistry   spec: 'latest',
64 silly mapToRegistry   type: 'tag' }
65 silly mapToRegistry uri https://registry.npmjs.org/mhash
66 silly fetchNamedPackageData node-crc
67 silly mapToRegistry name node-crc
68 silly mapToRegistry using default registry
69 silly mapToRegistry registry https://registry.npmjs.org/
70 silly mapToRegistry data Result {
70 silly mapToRegistry   raw: 'node-crc',
70 silly mapToRegistry   scope: null,
70 silly mapToRegistry   escapedName: 'node-crc',
70 silly mapToRegistry   name: 'node-crc',
70 silly mapToRegistry   rawSpec: '',
70 silly mapToRegistry   spec: 'latest',
70 silly mapToRegistry   type: 'tag' }
71 silly mapToRegistry uri https://registry.npmjs.org/node-crc
72 verbose request uri https://registry.npmjs.org/mhash
73 verbose request no auth needed
74 info attempt registry request try #1 at 10:23:11 AM
75 verbose etag W/"586bb895-8476"
76 verbose lastModified Tue, 03 Jan 2017 14:43:33 GMT
77 http request GET https://registry.npmjs.org/mhash
78 verbose request uri https://registry.npmjs.org/node-crc
79 verbose request no auth needed
80 info attempt registry request try #1 at 10:23:11 AM
81 verbose etag W/"59d7e863-3073"
82 verbose lastModified Fri, 06 Oct 2017 20:32:35 GMT
83 http request GET https://registry.npmjs.org/node-crc
84 http 304 https://registry.npmjs.org/node-crc
85 verbose headers { date: 'Sun, 29 Oct 2017 08:23:11 GMT',
85 verbose headers   via: '1.1 varnish',
85 verbose headers   'cache-control': 'max-age=300',
85 verbose headers   etag: 'W/"59d7e863-3073"',
85 verbose headers   age: '0',
85 verbose headers   connection: 'keep-alive',
85 verbose headers   'x-served-by': 'cache-jnb7523-JNB',
85 verbose headers   'x-cache': 'MISS',
85 verbose headers   'x-cache-hits': '0',
85 verbose headers   'x-timer': 'S1509265392.839477,VS0,VE176',
85 verbose headers   vary: 'Accept-Encoding, Accept' }
86 silly get cb [ 304,
86 silly get   { date: 'Sun, 29 Oct 2017 08:23:11 GMT',
86 silly get     via: '1.1 varnish',
86 silly get     'cache-control': 'max-age=300',
86 silly get     etag: 'W/"59d7e863-3073"',
86 silly get     age: '0',
86 silly get     connection: 'keep-alive',
86 silly get     'x-served-by': 'cache-jnb7523-JNB',
86 silly get     'x-cache': 'MISS',
86 silly get     'x-cache-hits': '0',
86 silly get     'x-timer': 'S1509265392.839477,VS0,VE176',
86 silly get     vary: 'Accept-Encoding, Accept' } ]
87 verbose etag https://registry.npmjs.org/node-crc from cache
88 verbose get saving node-crc to /Users/admin/.npm/registry.npmjs.org/node-crc/.cache.json
89 verbose correctMkdir /Users/admin/.npm correctMkdir not in flight; initializing
90 silly resolveWithNewModule node-crc@1.2.0 checking installable status
91 silly cache add args [ 'node-crc@^1.2.0', null ]
92 verbose cache add spec node-crc@^1.2.0
93 silly cache add parsed spec Result {
93 silly cache add   raw: 'node-crc@^1.2.0',
93 silly cache add   scope: null,
93 silly cache add   escapedName: 'node-crc',
93 silly cache add   name: 'node-crc',
93 silly cache add   rawSpec: '^1.2.0',
93 silly cache add   spec: '>=1.2.0 <2.0.0',
93 silly cache add   type: 'range' }
94 silly addNamed node-crc@>=1.2.0 <2.0.0
95 verbose addNamed ">=1.2.0 <2.0.0" is a valid semver range for node-crc
96 silly addNameRange { name: 'node-crc', range: '>=1.2.0 <2.0.0', hasData: false }
97 silly mapToRegistry name node-crc
98 silly mapToRegistry using default registry
99 silly mapToRegistry registry https://registry.npmjs.org/
100 silly mapToRegistry data Result {
100 silly mapToRegistry   raw: 'node-crc',
100 silly mapToRegistry   scope: null,
100 silly mapToRegistry   escapedName: 'node-crc',
100 silly mapToRegistry   name: 'node-crc',
100 silly mapToRegistry   rawSpec: '',
100 silly mapToRegistry   spec: 'latest',
100 silly mapToRegistry   type: 'tag' }
101 silly mapToRegistry uri https://registry.npmjs.org/node-crc
102 verbose addNameRange registry:https://registry.npmjs.org/node-crc not in flight; fetching
103 verbose get https://registry.npmjs.org/node-crc not expired, no request
104 silly addNameRange number 2 { name: 'node-crc', range: '>=1.2.0 <2.0.0', hasData: true }
105 silly addNameRange versions [ 'node-crc', [ '1.0.0', '1.0.1', '1.1.0', '1.1.1', '1.2.0' ] ]
106 silly addNamed node-crc@1.2.0
107 verbose addNamed "1.2.0" is a plain semver version for node-crc
108 silly cache afterAdd node-crc@1.2.0
109 verbose afterAdd /Users/admin/.npm/node-crc/1.2.0/package/package.json not in flight; writing
110 verbose correctMkdir /Users/admin/.npm correctMkdir not in flight; initializing
111 verbose afterAdd /Users/admin/.npm/node-crc/1.2.0/package/package.json written
112 http 304 https://registry.npmjs.org/mhash
113 verbose headers { date: 'Sun, 29 Oct 2017 08:23:11 GMT',
113 verbose headers   via: '1.1 varnish',
113 verbose headers   'cache-control': 'max-age=300',
113 verbose headers   etag: 'W/"586bb895-8476"',
113 verbose headers   age: '0',
113 verbose headers   connection: 'keep-alive',
113 verbose headers   'x-served-by': 'cache-jnb7523-JNB',
113 verbose headers   'x-cache': 'MISS',
113 verbose headers   'x-cache-hits': '0',
113 verbose headers   'x-timer': 'S1509265392.734445,VS0,VE739',
113 verbose headers   vary: 'Accept-Encoding, Accept' }
114 silly get cb [ 304,
114 silly get   { date: 'Sun, 29 Oct 2017 08:23:11 GMT',
114 silly get     via: '1.1 varnish',
114 silly get     'cache-control': 'max-age=300',
114 silly get     etag: 'W/"586bb895-8476"',
114 silly get     age: '0',
114 silly get     connection: 'keep-alive',
114 silly get     'x-served-by': 'cache-jnb7523-JNB',
114 silly get     'x-cache': 'MISS',
114 silly get     'x-cache-hits': '0',
114 silly get     'x-timer': 'S1509265392.734445,VS0,VE739',
114 silly get     vary: 'Accept-Encoding, Accept' } ]
115 verbose etag https://registry.npmjs.org/mhash from cache
116 verbose get saving mhash to /Users/admin/.npm/registry.npmjs.org/mhash/.cache.json
117 verbose correctMkdir /Users/admin/.npm correctMkdir not in flight; initializing
118 silly resolveWithNewModule mhash@2.1.6 checking installable status
119 silly cache add args [ 'mhash@^2.1.6', null ]
120 verbose cache add spec mhash@^2.1.6
121 silly cache add parsed spec Result {
121 silly cache add   raw: 'mhash@^2.1.6',
121 silly cache add   scope: null,
121 silly cache add   escapedName: 'mhash',
121 silly cache add   name: 'mhash',
121 silly cache add   rawSpec: '^2.1.6',
121 silly cache add   spec: '>=2.1.6 <3.0.0',
121 silly cache add   type: 'range' }
122 silly addNamed mhash@>=2.1.6 <3.0.0
123 verbose addNamed ">=2.1.6 <3.0.0" is a valid semver range for mhash
124 silly addNameRange { name: 'mhash', range: '>=2.1.6 <3.0.0', hasData: false }
125 silly mapToRegistry name mhash
126 silly mapToRegistry using default registry
127 silly mapToRegistry registry https://registry.npmjs.org/
128 silly mapToRegistry data Result {
128 silly mapToRegistry   raw: 'mhash',
128 silly mapToRegistry   scope: null,
128 silly mapToRegistry   escapedName: 'mhash',
128 silly mapToRegistry   name: 'mhash',
128 silly mapToRegistry   rawSpec: '',
128 silly mapToRegistry   spec: 'latest',
128 silly mapToRegistry   type: 'tag' }
129 silly mapToRegistry uri https://registry.npmjs.org/mhash
130 verbose addNameRange registry:https://registry.npmjs.org/mhash not in flight; fetching
131 verbose get https://registry.npmjs.org/mhash not expired, no request
132 silly addNameRange number 2 { name: 'mhash', range: '>=2.1.6 <3.0.0', hasData: true }
133 silly addNameRange versions [ 'mhash',
133 silly addNameRange   [ '0.1.0',
133 silly addNameRange     '0.1.1',
133 silly addNameRange     '0.1.2',
133 silly addNameRange     '0.1.3',
133 silly addNameRange     '0.1.4',
133 silly addNameRange     '0.1.5',
133 silly addNameRange     '0.1.6',
133 silly addNameRange     '0.1.7',
133 silly addNameRange     '0.1.8',
133 silly addNameRange     '0.1.9',
133 silly addNameRange     '0.1.10',
133 silly addNameRange     '0.1.11',
133 silly addNameRange     '0.1.12',
133 silly addNameRange     '0.1.13',
133 silly addNameRange     '1.0.0',
133 silly addNameRange     '1.1.0',
133 silly addNameRange     '2.0.0',
133 silly addNameRange     '2.0.2',
133 silly addNameRange     '2.1.0',
133 silly addNameRange     '2.1.1',
133 silly addNameRange     '2.1.2',
133 silly addNameRange     '2.1.3',
133 silly addNameRange     '2.1.4',
133 silly addNameRange     '2.1.5',
133 silly addNameRange     '2.1.6' ] ]
134 silly addNamed mhash@2.1.6
135 verbose addNamed "2.1.6" is a plain semver version for mhash
136 silly cache afterAdd mhash@2.1.6
137 verbose afterAdd /Users/admin/.npm/mhash/2.1.6/package/package.json not in flight; writing
138 verbose correctMkdir /Users/admin/.npm correctMkdir not in flight; initializing
139 verbose afterAdd /Users/admin/.npm/mhash/2.1.6/package/package.json written
140 silly fetchNamedPackageData bindings
141 silly mapToRegistry name bindings
142 silly mapToRegistry using default registry
143 silly mapToRegistry registry https://registry.npmjs.org/
144 silly mapToRegistry data Result {
144 silly mapToRegistry   raw: 'bindings',
144 silly mapToRegistry   scope: null,
144 silly mapToRegistry   escapedName: 'bindings',
144 silly mapToRegistry   name: 'bindings',
144 silly mapToRegistry   rawSpec: '',
144 silly mapToRegistry   spec: 'latest',
144 silly mapToRegistry   type: 'tag' }
145 silly mapToRegistry uri https://registry.npmjs.org/bindings
146 silly fetchNamedPackageData nan
147 silly mapToRegistry name nan
148 silly mapToRegistry using default registry
149 silly mapToRegistry registry https://registry.npmjs.org/
150 silly mapToRegistry data Result {
150 silly mapToRegistry   raw: 'nan',
150 silly mapToRegistry   scope: null,
150 silly mapToRegistry   escapedName: 'nan',
150 silly mapToRegistry   name: 'nan',
150 silly mapToRegistry   rawSpec: '',
150 silly mapToRegistry   spec: 'latest',
150 silly mapToRegistry   type: 'tag' }
151 silly mapToRegistry uri https://registry.npmjs.org/nan
152 verbose request uri https://registry.npmjs.org/bindings
153 verbose request no auth needed
154 info attempt registry request try #1 at 10:23:12 AM
155 verbose etag W/"59b28ad4-4c18"
156 verbose lastModified Fri, 08 Sep 2017 12:19:32 GMT
157 http request GET https://registry.npmjs.org/bindings
158 verbose request uri https://registry.npmjs.org/nan
159 verbose request no auth needed
160 info attempt registry request try #1 at 10:23:12 AM
161 verbose etag W/"59eeab87-20247"
162 verbose lastModified Tue, 24 Oct 2017 02:55:03 GMT
163 http request GET https://registry.npmjs.org/nan
164 http 304 https://registry.npmjs.org/nan
165 verbose headers { date: 'Sun, 29 Oct 2017 08:23:12 GMT',
165 verbose headers   via: '1.1 varnish',
165 verbose headers   'cache-control': 'max-age=300',
165 verbose headers   etag: 'W/"59eeab87-20247"',
165 verbose headers   age: '245',
165 verbose headers   connection: 'keep-alive',
165 verbose headers   'x-served-by': 'cache-jnb7523-JNB',
165 verbose headers   'x-cache': 'HIT',
165 verbose headers   'x-cache-hits': '1',
165 verbose headers   'x-timer': 'S1509265393.714594,VS0,VE0',
165 verbose headers   vary: 'Accept-Encoding, Accept' }
166 silly get cb [ 304,
166 silly get   { date: 'Sun, 29 Oct 2017 08:23:12 GMT',
166 silly get     via: '1.1 varnish',
166 silly get     'cache-control': 'max-age=300',
166 silly get     etag: 'W/"59eeab87-20247"',
166 silly get     age: '245',
166 silly get     connection: 'keep-alive',
166 silly get     'x-served-by': 'cache-jnb7523-JNB',
166 silly get     'x-cache': 'HIT',
166 silly get     'x-cache-hits': '1',
166 silly get     'x-timer': 'S1509265393.714594,VS0,VE0',
166 silly get     vary: 'Accept-Encoding, Accept' } ]
167 verbose etag https://registry.npmjs.org/nan from cache
168 verbose get saving nan to /Users/admin/.npm/registry.npmjs.org/nan/.cache.json
169 verbose correctMkdir /Users/admin/.npm correctMkdir not in flight; initializing
170 silly resolveWithNewModule nan@2.7.0 checking installable status
171 silly cache add args [ 'nan@^2.5.0', null ]
172 verbose cache add spec nan@^2.5.0
173 silly cache add parsed spec Result {
173 silly cache add   raw: 'nan@^2.5.0',
173 silly cache add   scope: null,
173 silly cache add   escapedName: 'nan',
173 silly cache add   name: 'nan',
173 silly cache add   rawSpec: '^2.5.0',
173 silly cache add   spec: '>=2.5.0 <3.0.0',
173 silly cache add   type: 'range' }
174 silly addNamed nan@>=2.5.0 <3.0.0
175 verbose addNamed ">=2.5.0 <3.0.0" is a valid semver range for nan
176 silly addNameRange { name: 'nan', range: '>=2.5.0 <3.0.0', hasData: false }
177 silly mapToRegistry name nan
178 silly mapToRegistry using default registry
179 silly mapToRegistry registry https://registry.npmjs.org/
180 silly mapToRegistry data Result {
180 silly mapToRegistry   raw: 'nan',
180 silly mapToRegistry   scope: null,
180 silly mapToRegistry   escapedName: 'nan',
180 silly mapToRegistry   name: 'nan',
180 silly mapToRegistry   rawSpec: '',
180 silly mapToRegistry   spec: 'latest',
180 silly mapToRegistry   type: 'tag' }
181 silly mapToRegistry uri https://registry.npmjs.org/nan
182 verbose addNameRange registry:https://registry.npmjs.org/nan not in flight; fetching
183 verbose get https://registry.npmjs.org/nan not expired, no request
184 silly addNameRange number 2 { name: 'nan', range: '>=2.5.0 <3.0.0', hasData: true }
185 silly addNameRange versions [ 'nan',
185 silly addNameRange   [ '0.3.0-wip',
185 silly addNameRange     '0.3.0-wip2',
185 silly addNameRange     '0.3.0',
185 silly addNameRange     '0.3.1',
185 silly addNameRange     '0.3.2',
185 silly addNameRange     '0.4.0',
185 silly addNameRange     '0.4.1',
185 silly addNameRange     '0.4.2',
185 silly addNameRange     '0.4.3',
185 silly addNameRange     '0.4.4',
185 silly addNameRange     '0.5.0',
185 silly addNameRange     '0.5.1',
185 silly addNameRange     '0.5.2',
185 silly addNameRange     '0.6.0',
185 silly addNameRange     '0.7.0',
185 silly addNameRange     '0.7.1',
185 silly addNameRange     '0.8.0',
185 silly addNameRange     '1.0.0',
185 silly addNameRange     '1.1.0',
185 silly addNameRange     '1.1.1',
185 silly addNameRange     '1.1.2',
185 silly addNameRange     '1.2.0',
185 silly addNameRange     '1.3.0',
185 silly addNameRange     '1.4.0',
185 silly addNameRange     '1.4.1',
185 silly addNameRange     '1.5.0',
185 silly addNameRange     '1.4.2',
185 silly addNameRange     '1.4.3',
185 silly addNameRange     '1.5.1',
185 silly addNameRange     '1.5.2',
185 silly addNameRange     '1.6.0',
185 silly addNameRange     '1.5.3',
185 silly addNameRange     '1.6.1',
185 silly addNameRange     '1.6.2',
185 silly addNameRange     '1.7.0',
185 silly addNameRange     '1.8.0',
185 silly addNameRange     '1.8.1',
185 silly addNameRange     '1.8.2',
185 silly addNameRange     '1.8.3',
185 silly addNameRange     '1.8.4',
185 silly addNameRange     '1.9.0',
185 silly addNameRange     '2.0.0',
185 silly addNameRange     '2.0.1',
185 silly addNameRange     '2.0.2',
185 silly addNameRange     '2.0.3',
185 silly addNameRange     '2.0.4',
185 silly addNameRange     '2.0.5',
185 silly addNameRange     '2.0.6',
185 silly addNameRange     '2.0.7',
185 silly addNameRange     '2.0.8',
185 silly addNameRange     '2.0.9',
185 silly addNameRange     '2.1.0',
185 silly addNameRange     '2.2.0',
185 silly addNameRange     '2.2.1',
185 silly addNameRange     '2.3.0',
185 silly addNameRange     '2.3.1',
185 silly addNameRange     '2.3.2',
185 silly addNameRange     '2.3.3',
185 silly addNameRange     '2.3.4',
185 silly addNameRange     '2.3.5',
185 silly addNameRange     '2.4.0',
185 silly addNameRange     '2.5.0',
185 silly addNameRange     '2.5.1',
185 silly addNameRange     '2.6.0',
185 silly addNameRange     '2.6.1',
185 silly addNameRange     '2.6.2',
185 silly addNameRange     '2.7.0' ] ]
186 silly addNamed nan@2.7.0
187 verbose addNamed "2.7.0" is a plain semver version for nan
188 silly cache afterAdd nan@2.7.0
189 verbose afterAdd /Users/admin/.npm/nan/2.7.0/package/package.json not in flight; writing
190 verbose correctMkdir /Users/admin/.npm correctMkdir not in flight; initializing
191 verbose afterAdd /Users/admin/.npm/nan/2.7.0/package/package.json written
192 http 304 https://registry.npmjs.org/bindings
193 verbose headers { date: 'Sun, 29 Oct 2017 08:23:12 GMT',
193 verbose headers   via: '1.1 varnish',
193 verbose headers   'cache-control': 'max-age=300',
193 verbose headers   etag: 'W/"59b28ad4-4c18"',
193 verbose headers   age: '0',
193 verbose headers   connection: 'keep-alive',
193 verbose headers   'x-served-by': 'cache-jnb7523-JNB',
193 verbose headers   'x-cache': 'HIT',
193 verbose headers   'x-cache-hits': '1',
193 verbose headers   'x-timer': 'S1509265393.704078,VS0,VE176',
193 verbose headers   vary: 'Accept-Encoding, Accept' }
194 silly get cb [ 304,
194 silly get   { date: 'Sun, 29 Oct 2017 08:23:12 GMT',
194 silly get     via: '1.1 varnish',
194 silly get     'cache-control': 'max-age=300',
194 silly get     etag: 'W/"59b28ad4-4c18"',
194 silly get     age: '0',
194 silly get     connection: 'keep-alive',
194 silly get     'x-served-by': 'cache-jnb7523-JNB',
194 silly get     'x-cache': 'HIT',
194 silly get     'x-cache-hits': '1',
194 silly get     'x-timer': 'S1509265393.704078,VS0,VE176',
194 silly get     vary: 'Accept-Encoding, Accept' } ]
195 verbose etag https://registry.npmjs.org/bindings from cache
196 verbose get saving bindings to /Users/admin/.npm/registry.npmjs.org/bindings/.cache.json
197 verbose correctMkdir /Users/admin/.npm correctMkdir not in flight; initializing
198 silly resolveWithNewModule bindings@1.2.1 checking installable status
199 silly cache add args [ 'bindings@~1.2.1', null ]
200 verbose cache add spec bindings@~1.2.1
201 silly cache add parsed spec Result {
201 silly cache add   raw: 'bindings@~1.2.1',
201 silly cache add   scope: null,
201 silly cache add   escapedName: 'bindings',
201 silly cache add   name: 'bindings',
201 silly cache add   rawSpec: '~1.2.1',
201 silly cache add   spec: '>=1.2.1 <1.3.0',
201 silly cache add   type: 'range' }
202 silly addNamed bindings@>=1.2.1 <1.3.0
203 verbose addNamed ">=1.2.1 <1.3.0" is a valid semver range for bindings
204 silly addNameRange { name: 'bindings', range: '>=1.2.1 <1.3.0', hasData: false }
205 silly mapToRegistry name bindings
206 silly mapToRegistry using default registry
207 silly mapToRegistry registry https://registry.npmjs.org/
208 silly mapToRegistry data Result {
208 silly mapToRegistry   raw: 'bindings',
208 silly mapToRegistry   scope: null,
208 silly mapToRegistry   escapedName: 'bindings',
208 silly mapToRegistry   name: 'bindings',
208 silly mapToRegistry   rawSpec: '',
208 silly mapToRegistry   spec: 'latest',
208 silly mapToRegistry   type: 'tag' }
209 silly mapToRegistry uri https://registry.npmjs.org/bindings
210 verbose addNameRange registry:https://registry.npmjs.org/bindings not in flight; fetching
211 verbose get https://registry.npmjs.org/bindings not expired, no request
212 silly addNameRange number 2 { name: 'bindings', range: '>=1.2.1 <1.3.0', hasData: true }
213 silly addNameRange versions [ 'bindings',
213 silly addNameRange   [ '0.0.1',
213 silly addNameRange     '0.1.0',
213 silly addNameRange     '0.1.1',
213 silly addNameRange     '0.2.0',
213 silly addNameRange     '0.2.1',
213 silly addNameRange     '0.2.2',
213 silly addNameRange     '0.2.3',
213 silly addNameRange     '0.2.4',
213 silly addNameRange     '0.3.0',
213 silly addNameRange     '0.4.0',
213 silly addNameRange     '1.0.0',
213 silly addNameRange     '1.1.0',
213 silly addNameRange     '1.1.1',
213 silly addNameRange     '1.2.0',
213 silly addNameRange     '1.2.1',
213 silly addNameRange     '1.3.0' ] ]
214 silly addNamed bindings@1.2.1
215 verbose addNamed "1.2.1" is a plain semver version for bindings
216 silly cache afterAdd bindings@1.2.1
217 verbose afterAdd /Users/admin/.npm/bindings/1.2.1/package/package.json not in flight; writing
218 verbose correctMkdir /Users/admin/.npm correctMkdir not in flight; initializing
219 verbose afterAdd /Users/admin/.npm/bindings/1.2.1/package/package.json written
220 silly fetchNamedPackageData bindings
221 silly mapToRegistry name bindings
222 silly mapToRegistry using default registry
223 silly mapToRegistry registry https://registry.npmjs.org/
224 silly mapToRegistry data Result {
224 silly mapToRegistry   raw: 'bindings',
224 silly mapToRegistry   scope: null,
224 silly mapToRegistry   escapedName: 'bindings',
224 silly mapToRegistry   name: 'bindings',
224 silly mapToRegistry   rawSpec: '',
224 silly mapToRegistry   spec: 'latest',
224 silly mapToRegistry   type: 'tag' }
225 silly mapToRegistry uri https://registry.npmjs.org/bindings
226 silly resolveWithNewModule bindings@1.3.0 checking installable status
227 silly cache add args [ 'bindings@^1.3.0', null ]
228 verbose cache add spec bindings@^1.3.0
229 silly cache add parsed spec Result {
229 silly cache add   raw: 'bindings@^1.3.0',
229 silly cache add   scope: null,
229 silly cache add   escapedName: 'bindings',
229 silly cache add   name: 'bindings',
229 silly cache add   rawSpec: '^1.3.0',
229 silly cache add   spec: '>=1.3.0 <2.0.0',
229 silly cache add   type: 'range' }
230 silly addNamed bindings@>=1.3.0 <2.0.0
231 verbose addNamed ">=1.3.0 <2.0.0" is a valid semver range for bindings
232 silly addNameRange { name: 'bindings', range: '>=1.3.0 <2.0.0', hasData: false }
233 silly mapToRegistry name bindings
234 silly mapToRegistry using default registry
235 silly mapToRegistry registry https://registry.npmjs.org/
236 silly mapToRegistry data Result {
236 silly mapToRegistry   raw: 'bindings',
236 silly mapToRegistry   scope: null,
236 silly mapToRegistry   escapedName: 'bindings',
236 silly mapToRegistry   name: 'bindings',
236 silly mapToRegistry   rawSpec: '',
236 silly mapToRegistry   spec: 'latest',
236 silly mapToRegistry   type: 'tag' }
237 silly mapToRegistry uri https://registry.npmjs.org/bindings
238 verbose addNameRange registry:https://registry.npmjs.org/bindings not in flight; fetching
239 verbose get https://registry.npmjs.org/bindings not expired, no request
240 silly addNameRange number 2 { name: 'bindings', range: '>=1.3.0 <2.0.0', hasData: true }
241 silly addNameRange versions [ 'bindings',
241 silly addNameRange   [ '0.0.1',
241 silly addNameRange     '0.1.0',
241 silly addNameRange     '0.1.1',
241 silly addNameRange     '0.2.0',
241 silly addNameRange     '0.2.1',
241 silly addNameRange     '0.2.2',
241 silly addNameRange     '0.2.3',
241 silly addNameRange     '0.2.4',
241 silly addNameRange     '0.3.0',
241 silly addNameRange     '0.4.0',
241 silly addNameRange     '1.0.0',
241 silly addNameRange     '1.1.0',
241 silly addNameRange     '1.1.1',
241 silly addNameRange     '1.2.0',
241 silly addNameRange     '1.2.1',
241 silly addNameRange     '1.3.0' ] ]
242 silly addNamed bindings@1.3.0
243 verbose addNamed "1.3.0" is a plain semver version for bindings
244 silly cache afterAdd bindings@1.3.0
245 verbose afterAdd /Users/admin/.npm/bindings/1.3.0/package/package.json not in flight; writing
246 verbose correctMkdir /Users/admin/.npm correctMkdir not in flight; initializing
247 verbose afterAdd /Users/admin/.npm/bindings/1.3.0/package/package.json written
248 silly loadAllDepsIntoIdealTree Finishing
249 silly loadIdealTree Finishing
250 silly currentTree lib
251 silly idealTree lib
251 silly idealTree └─┬ magiccrypt@2.2.0
251 silly idealTree   ├── bindings@1.2.1
251 silly idealTree   ├── mhash@2.1.6
251 silly idealTree   ├── nan@2.7.0
251 silly idealTree   └─┬ node-crc@1.2.0
251 silly idealTree     └── bindings@1.3.0
252 silly generateActionsToTake Starting
253 silly install generateActionsToTake
254 silly generateActionsToTake Finishing
255 silly diffTrees action count 6
256 silly diffTrees add bindings@1.2.1
257 silly diffTrees add nan@2.7.0
258 silly diffTrees add bindings@1.3.0
259 silly diffTrees add mhash@2.1.6
260 silly diffTrees add node-crc@1.2.0
261 silly diffTrees add magiccrypt@2.2.0
262 silly decomposeActions action count 48
263 silly decomposeActions fetch bindings@1.2.1
264 silly decomposeActions extract bindings@1.2.1
265 silly decomposeActions test bindings@1.2.1
266 silly decomposeActions preinstall bindings@1.2.1
267 silly decomposeActions build bindings@1.2.1
268 silly decomposeActions install bindings@1.2.1
269 silly decomposeActions postinstall bindings@1.2.1
270 silly decomposeActions finalize bindings@1.2.1
271 silly decomposeActions fetch nan@2.7.0
272 silly decomposeActions extract nan@2.7.0
273 silly decomposeActions test nan@2.7.0
274 silly decomposeActions preinstall nan@2.7.0
275 silly decomposeActions build nan@2.7.0
276 silly decomposeActions install nan@2.7.0
277 silly decomposeActions postinstall nan@2.7.0
278 silly decomposeActions finalize nan@2.7.0
279 silly decomposeActions fetch bindings@1.3.0
280 silly decomposeActions extract bindings@1.3.0
281 silly decomposeActions test bindings@1.3.0
282 silly decomposeActions preinstall bindings@1.3.0
283 silly decomposeActions build bindings@1.3.0
284 silly decomposeActions install bindings@1.3.0
285 silly decomposeActions postinstall bindings@1.3.0
286 silly decomposeActions finalize bindings@1.3.0
287 silly decomposeActions fetch mhash@2.1.6
288 silly decomposeActions extract mhash@2.1.6
289 silly decomposeActions test mhash@2.1.6
290 silly decomposeActions preinstall mhash@2.1.6
291 silly decomposeActions build mhash@2.1.6
292 silly decomposeActions install mhash@2.1.6
293 silly decomposeActions postinstall mhash@2.1.6
294 silly decomposeActions finalize mhash@2.1.6
295 silly decomposeActions fetch node-crc@1.2.0
296 silly decomposeActions extract node-crc@1.2.0
297 silly decomposeActions test node-crc@1.2.0
298 silly decomposeActions preinstall node-crc@1.2.0
299 silly decomposeActions build node-crc@1.2.0
300 silly decomposeActions install node-crc@1.2.0
301 silly decomposeActions postinstall node-crc@1.2.0
302 silly decomposeActions finalize node-crc@1.2.0
303 silly decomposeActions fetch magiccrypt@2.2.0
304 silly decomposeActions extract magiccrypt@2.2.0
305 silly decomposeActions test magiccrypt@2.2.0
306 silly decomposeActions preinstall magiccrypt@2.2.0
307 silly decomposeActions build magiccrypt@2.2.0
308 silly decomposeActions install magiccrypt@2.2.0
309 silly decomposeActions postinstall magiccrypt@2.2.0
310 silly decomposeActions finalize magiccrypt@2.2.0
311 silly runTopLevelLifecycles Starting
312 silly executeActions Starting
313 silly install executeActions
314 silly doSerial global-install 0
315 silly doParallel fetch 6
316 verbose correctMkdir /Users/admin/.npm/_locks correctMkdir not in flight; initializing
317 verbose lock using /Users/admin/.npm/_locks/staging-3a08f0df5026584d.lock for /usr/local/lib/node_modules/.staging
318 silly doParallel extract 6
319 silly extract bindings@1.2.1
320 silly extract nan@2.7.0
321 silly extract bindings@1.3.0
322 silly extract mhash@2.1.6
323 silly extract node-crc@1.2.0
324 silly extract magiccrypt@2.2.0
325 verbose unbuild lib/node_modules/.staging/bindings-acc31a9e
326 verbose unbuild lib/node_modules/.staging/nan-40954310
327 verbose unbuild lib/node_modules/.staging/bindings-bafba07a
328 verbose unbuild lib/node_modules/.staging/mhash-09ee3c0e
329 verbose unbuild lib/node_modules/.staging/node-crc-bd7d44ca
330 verbose unbuild lib/node_modules/.staging/magiccrypt-304f5098
331 silly gentlyRm /usr/local/lib/node_modules/.staging/bindings-acc31a9e is being purged from base /usr/local
332 verbose gentlyRm don't care about contents; nuking /usr/local/lib/node_modules/.staging/bindings-acc31a9e
333 silly gentlyRm /usr/local/lib/node_modules/.staging/nan-40954310 is being purged from base /usr/local
334 verbose gentlyRm don't care about contents; nuking /usr/local/lib/node_modules/.staging/nan-40954310
335 silly gentlyRm /usr/local/lib/node_modules/.staging/bindings-bafba07a is being purged from base /usr/local
336 verbose gentlyRm don't care about contents; nuking /usr/local/lib/node_modules/.staging/bindings-bafba07a
337 silly gentlyRm /usr/local/lib/node_modules/.staging/mhash-09ee3c0e is being purged from base /usr/local
338 verbose gentlyRm don't care about contents; nuking /usr/local/lib/node_modules/.staging/mhash-09ee3c0e
339 silly gentlyRm /usr/local/lib/node_modules/.staging/node-crc-bd7d44ca is being purged from base /usr/local
340 verbose gentlyRm don't care about contents; nuking /usr/local/lib/node_modules/.staging/node-crc-bd7d44ca
341 silly gentlyRm /usr/local/lib/node_modules/.staging/magiccrypt-304f5098 is being purged from base /usr/local
342 verbose gentlyRm don't care about contents; nuking /usr/local/lib/node_modules/.staging/magiccrypt-304f5098
343 verbose tar unpack /Users/admin/.npm/bindings/1.2.1/package.tgz
344 verbose tar unpacking to /usr/local/lib/node_modules/.staging/bindings-acc31a9e
345 silly gentlyRm /usr/local/lib/node_modules/.staging/bindings-acc31a9e is being purged
346 verbose gentlyRm don't care about contents; nuking /usr/local/lib/node_modules/.staging/bindings-acc31a9e
347 verbose tar unpack /Users/admin/.npm/nan/2.7.0/package.tgz
348 verbose tar unpacking to /usr/local/lib/node_modules/.staging/nan-40954310
349 silly gentlyRm /usr/local/lib/node_modules/.staging/nan-40954310 is being purged
350 verbose gentlyRm don't care about contents; nuking /usr/local/lib/node_modules/.staging/nan-40954310
351 verbose tar unpack /Users/admin/.npm/bindings/1.3.0/package.tgz
352 verbose tar unpacking to /usr/local/lib/node_modules/.staging/bindings-bafba07a
353 silly gentlyRm /usr/local/lib/node_modules/.staging/bindings-bafba07a is being purged
354 verbose gentlyRm don't care about contents; nuking /usr/local/lib/node_modules/.staging/bindings-bafba07a
355 verbose tar unpack /Users/admin/.npm/mhash/2.1.6/package.tgz
356 verbose tar unpacking to /usr/local/lib/node_modules/.staging/mhash-09ee3c0e
357 silly gentlyRm /usr/local/lib/node_modules/.staging/mhash-09ee3c0e is being purged
358 verbose gentlyRm don't care about contents; nuking /usr/local/lib/node_modules/.staging/mhash-09ee3c0e
359 verbose tar unpack /Users/admin/.npm/node-crc/1.2.0/package.tgz
360 verbose tar unpacking to /usr/local/lib/node_modules/.staging/node-crc-bd7d44ca
361 silly gentlyRm /usr/local/lib/node_modules/.staging/node-crc-bd7d44ca is being purged
362 verbose gentlyRm don't care about contents; nuking /usr/local/lib/node_modules/.staging/node-crc-bd7d44ca
363 verbose tar unpack /Users/admin/.npm/magiccrypt/2.2.0/package.tgz
364 verbose tar unpacking to /usr/local/lib/node_modules/.staging/magiccrypt-304f5098
365 silly gentlyRm /usr/local/lib/node_modules/.staging/magiccrypt-304f5098 is being purged
366 verbose gentlyRm don't care about contents; nuking /usr/local/lib/node_modules/.staging/magiccrypt-304f5098
367 silly gunzTarPerm modes [ '755', '644' ]
368 silly gunzTarPerm modes [ '755', '644' ]
369 silly gunzTarPerm modes [ '755', '644' ]
370 silly gunzTarPerm modes [ '755', '644' ]
371 silly gunzTarPerm modes [ '755', '644' ]
372 silly gunzTarPerm modes [ '755', '644' ]
373 silly gunzTarPerm extractEntry package.json
374 silly gunzTarPerm extractEntry package.json
375 silly gunzTarPerm modified mode [ 'package.json', 436, 420 ]
376 silly gunzTarPerm extractEntry package.json
377 silly gunzTarPerm extractEntry package.json
378 silly gunzTarPerm extractEntry package.json
379 silly gunzTarPerm extractEntry package.json
380 silly gunzTarPerm extractEntry README.md
381 silly gunzTarPerm extractEntry bindings.js
382 silly gunzTarPerm extractEntry README.md
383 silly gunzTarPerm modified mode [ 'README.md', 436, 420 ]
384 silly gunzTarPerm extractEntry README.md
385 silly gunzTarPerm extractEntry bindings.js
386 silly gunzTarPerm extractEntry .npmignore
387 silly gunzTarPerm extractEntry README.md
388 silly gunzTarPerm extractEntry binding.gyp
389 silly gunzTarPerm extractEntry index.d.ts
390 silly gunzTarPerm extractEntry index.js
391 silly gunzTarPerm extractEntry LICENSE
392 silly gunzTarPerm extractEntry include_dirs.js
393 silly gunzTarPerm modified mode [ 'include_dirs.js', 436, 420 ]
394 silly gunzTarPerm extractEntry nan_converters_43_inl.h
395 silly gunzTarPerm modified mode [ 'nan_converters_43_inl.h', 436, 420 ]
396 silly gunzTarPerm extractEntry LICENSE.md
397 silly gunzTarPerm modified mode [ 'LICENSE.md', 436, 420 ]
398 silly gunzTarPerm extractEntry doc/new.md
399 silly gunzTarPerm modified mode [ 'doc/new.md', 436, 420 ]
400 silly gunzTarPerm extractEntry LICENSE
401 silly gunzTarPerm extractEntry test.js
402 silly gunzTarPerm extractEntry README.md
403 silly gunzTarPerm extractEntry index.js
404 silly gunzTarPerm extractEntry LICENSE
405 silly gunzTarPerm extractEntry doc/asyncworker.md
406 silly gunzTarPerm modified mode [ 'doc/asyncworker.md', 436, 420 ]
407 silly gunzTarPerm extractEntry README.md
408 silly gunzTarPerm extractEntry benchmark/benchmark.js
409 silly gunzTarPerm extractEntry index.js
410 silly gunzTarPerm extractEntry hashtestdata.png
411 silly gunzTarPerm extractEntry doc/callback.md
412 silly gunzTarPerm modified mode [ 'doc/callback.md', 436, 420 ]
413 silly gunzTarPerm extractEntry doc/converters.md
414 silly gunzTarPerm modified mode [ 'doc/converters.md', 436, 420 ]
415 silly gunzTarPerm extractEntry build/binding.Makefile
416 silly gunzTarPerm extractEntry libmhash-build.sh
417 silly gunzTarPerm extractEntry libmhash-config.sh
418 silly gunzTarPerm extractEntry doc/errors.md
419 silly gunzTarPerm modified mode [ 'doc/errors.md', 436, 420 ]
420 silly gunzTarPerm extractEntry doc/json.md
421 silly gunzTarPerm modified mode [ 'doc/json.md', 436, 420 ]
422 silly gunzTarPerm extractEntry build/crc.target.mk
423 silly gunzTarPerm extractEntry build/Makefile
424 silly gunzTarPerm extractEntry mhash.cc
425 silly gunzTarPerm extractEntry doc/maybe_types.md
426 silly gunzTarPerm modified mode [ 'doc/maybe_types.md', 436, 420 ]
427 silly gunzTarPerm extractEntry doc/methods.md
428 silly gunzTarPerm modified mode [ 'doc/methods.md', 436, 420 ]
429 silly gentlyRm /usr/local/lib/node_modules/.staging/bindings-acc31a9e/node_modules is being purged
430 verbose gentlyRm don't care about contents; nuking /usr/local/lib/node_modules/.staging/bindings-acc31a9e/node_modules
431 silly gentlyRm /usr/local/lib/node_modules/.staging/bindings-bafba07a/node_modules is being purged
432 verbose gentlyRm don't care about contents; nuking /usr/local/lib/node_modules/.staging/bindings-bafba07a/node_modules
433 silly gunzTarPerm extractEntry src/crc.c
434 silly gunzTarPerm extractEntry deps/mhash/README
435 silly gunzTarPerm extractEntry deps/mhash/config.guess
436 silly gunzTarPerm extractEntry doc/buffers.md
437 silly gunzTarPerm modified mode [ 'doc/buffers.md', 436, 420 ]
438 silly gunzTarPerm extractEntry doc/node_misc.md
439 silly gunzTarPerm modified mode [ 'doc/node_misc.md', 436, 420 ]
440 silly gunzTarPerm extractEntry deps/mhash/CYGWIN-PATCHES/README
441 silly gunzTarPerm extractEntry deps/mhash/CYGWIN-PATCHES/setup.hint
442 silly gentlyRm /usr/local/lib/node_modules/.staging/magiccrypt-304f5098/node_modules is being purged
443 verbose gentlyRm don't care about contents; nuking /usr/local/lib/node_modules/.staging/magiccrypt-304f5098/node_modules
444 silly gunzTarPerm extractEntry doc/object_wrappers.md
445 silly gunzTarPerm modified mode [ 'doc/object_wrappers.md', 436, 420 ]
446 silly gunzTarPerm extractEntry doc/persistent.md
447 silly gunzTarPerm modified mode [ 'doc/persistent.md', 436, 420 ]
448 silly gunzTarPerm extractEntry deps/mhash/ChangeLog
449 silly gunzTarPerm extractEntry deps/mhash/INSTALL
450 silly gunzTarPerm extractEntry doc/scopes.md
451 silly gunzTarPerm modified mode [ 'doc/scopes.md', 436, 420 ]
452 silly gunzTarPerm extractEntry doc/script.md
453 silly gunzTarPerm modified mode [ 'doc/script.md', 436, 420 ]
454 silly gunzTarPerm extractEntry deps/mhash/Makefile.am
455 silly gunzTarPerm extractEntry deps/mhash/Makefile.in
456 silly gunzTarPerm extractEntry doc/string_bytes.md
457 silly gunzTarPerm modified mode [ 'doc/string_bytes.md', 436, 420 ]
458 silly gunzTarPerm extractEntry doc/v8_internals.md
459 silly gunzTarPerm modified mode [ 'doc/v8_internals.md', 436, 420 ]
460 silly gunzTarPerm extractEntry deps/mhash/NEWS
461 silly gunzTarPerm extractEntry deps/mhash/AUTHORS
462 silly gunzTarPerm extractEntry doc/v8_misc.md
463 silly gunzTarPerm modified mode [ 'doc/v8_misc.md', 436, 420 ]
464 silly gunzTarPerm extractEntry deps/mhash/THANKS
465 silly gunzTarPerm extractEntry deps/mhash/TODO
466 silly gunzTarPerm extractEntry nan.h
467 silly gunzTarPerm modified mode [ 'nan.h', 436, 420 ]
468 silly gunzTarPerm extractEntry nan_callbacks.h
469 silly gunzTarPerm modified mode [ 'nan_callbacks.h', 436, 420 ]
470 silly gunzTarPerm extractEntry nan_callbacks_12_inl.h
471 silly gunzTarPerm modified mode [ 'nan_callbacks_12_inl.h', 436, 420 ]
472 silly gunzTarPerm extractEntry nan_callbacks_pre_12_inl.h
473 silly gunzTarPerm modified mode [ 'nan_callbacks_pre_12_inl.h', 436, 420 ]
474 silly gunzTarPerm extractEntry nan_converters.h
475 silly gunzTarPerm modified mode [ 'nan_converters.h', 436, 420 ]
476 silly gunzTarPerm extractEntry deps/mhash/acinclude.m4
477 silly gunzTarPerm extractEntry deps/mhash/aclocal.m4
478 silly gunzTarPerm extractEntry nan_converters_pre_43_inl.h
479 silly gunzTarPerm modified mode [ 'nan_converters_pre_43_inl.h', 436, 420 ]
480 silly gunzTarPerm extractEntry deps/mhash/buildconf
481 silly gunzTarPerm extractEntry deps/mhash/changelog-update.sh
482 silly gunzTarPerm extractEntry nan_implementation_12_inl.h
483 silly gunzTarPerm modified mode [ 'nan_implementation_12_inl.h', 436, 420 ]
484 silly gunzTarPerm extractEntry nan_implementation_pre_12_inl.h
485 silly gunzTarPerm modified mode [ 'nan_implementation_pre_12_inl.h', 436, 420 ]
486 silly gunzTarPerm extractEntry nan_json.h
487 silly gunzTarPerm modified mode [ 'nan_json.h', 436, 420 ]
488 silly gunzTarPerm extractEntry nan_maybe_43_inl.h
489 silly gunzTarPerm modified mode [ 'nan_maybe_43_inl.h', 436, 420 ]
490 silly gunzTarPerm extractEntry deps/mhash/COPYING
491 silly gunzTarPerm extractEntry deps/mhash/config.sub
492 silly gunzTarPerm extractEntry nan_maybe_pre_43_inl.h
493 silly gunzTarPerm modified mode [ 'nan_maybe_pre_43_inl.h', 436, 420 ]
494 silly gunzTarPerm extractEntry nan_new.h
495 silly gunzTarPerm modified mode [ 'nan_new.h', 436, 420 ]
496 silly gentlyRm /usr/local/lib/node_modules/.staging/node-crc-bd7d44ca/node_modules is being purged
497 verbose gentlyRm don't care about contents; nuking /usr/local/lib/node_modules/.staging/node-crc-bd7d44ca/node_modules
498 silly gunzTarPerm extractEntry deps/mhash/configure
499 silly gunzTarPerm extractEntry nan_object_wrap.h
500 silly gunzTarPerm modified mode [ 'nan_object_wrap.h', 436, 420 ]
501 silly gunzTarPerm extractEntry nan_persistent_12_inl.h
502 silly gunzTarPerm modified mode [ 'nan_persistent_12_inl.h', 436, 420 ]
503 silly gunzTarPerm extractEntry nan_persistent_pre_12_inl.h
504 silly gunzTarPerm modified mode [ 'nan_persistent_pre_12_inl.h', 436, 420 ]
505 silly gunzTarPerm extractEntry nan_private.h
506 silly gunzTarPerm modified mode [ 'nan_private.h', 436, 420 ]
507 silly gunzTarPerm extractEntry nan_string_bytes.h
508 silly gunzTarPerm modified mode [ 'nan_string_bytes.h', 436, 420 ]
509 silly gunzTarPerm extractEntry nan_typedarray_contents.h
510 silly gunzTarPerm modified mode [ 'nan_typedarray_contents.h', 436, 420 ]
511 silly gunzTarPerm extractEntry nan_weak.h
512 silly gunzTarPerm modified mode [ 'nan_weak.h', 436, 420 ]
513 silly gunzTarPerm extractEntry CHANGELOG.md
514 silly gunzTarPerm modified mode [ 'CHANGELOG.md', 436, 420 ]
515 silly gunzTarPerm extractEntry tools/package.json
516 silly gunzTarPerm modified mode [ 'tools/package.json', 436, 420 ]
517 silly gunzTarPerm extractEntry tools/README.md
518 silly gunzTarPerm modified mode [ 'tools/README.md', 436, 420 ]
519 silly gunzTarPerm extractEntry tools/1to2.js
520 silly gunzTarPerm modified mode [ 'tools/1to2.js', 509, 493 ]
521 silly gunzTarPerm extractEntry deps/mhash/configure.in
522 silly gunzTarPerm extractEntry deps/mhash/depcomp
523 silly gunzTarPerm extractEntry deps/mhash/doc/.cvsignore
524 silly gunzTarPerm extractEntry deps/mhash/doc/Makefile.am
525 silly gunzTarPerm extractEntry deps/mhash/doc/Makefile.in
526 silly gunzTarPerm extractEntry deps/mhash/doc/example.c
527 silly gunzTarPerm extractEntry deps/mhash/doc/mhash.3
528 silly gunzTarPerm extractEntry deps/mhash/doc/mhash.pod
529 silly gunzTarPerm extractEntry deps/mhash/doc/skid2-authentication
530 silly gunzTarPerm extractEntry deps/mhash/include/Makefile.am
531 silly gunzTarPerm extractEntry deps/mhash/include/Makefile.in
532 silly gunzTarPerm extractEntry deps/mhash/include/mhash.h
533 silly gunzTarPerm extractEntry deps/mhash/include/mutils/mglobal.h
534 silly gunzTarPerm extractEntry deps/mhash/include/mutils/mhash.h
535 silly gunzTarPerm extractEntry deps/mhash/include/mutils/mhash_config.h.in
536 silly gunzTarPerm extractEntry deps/mhash/include/mutils/mincludes.h
537 silly gunzTarPerm extractEntry deps/mhash/include/mutils/mtypes.h
538 silly gunzTarPerm extractEntry deps/mhash/include/mutils/mutils.h
539 silly gunzTarPerm extractEntry deps/mhash/install-sh
540 silly gunzTarPerm extractEntry deps/mhash/lib/mhash_int.h
541 silly gunzTarPerm extractEntry deps/mhash/lib/Makefile.am
542 silly gunzTarPerm extractEntry deps/mhash/lib/adler32.c
543 silly gunzTarPerm extractEntry deps/mhash/lib/crc32.c
544 silly gunzTarPerm extractEntry deps/mhash/lib/gosthash.c
545 silly gunzTarPerm extractEntry deps/mhash/lib/haval.c
546 silly gunzTarPerm extractEntry deps/mhash/lib/keygen.c
547 silly gunzTarPerm extractEntry deps/mhash/lib/keygen.h
548 silly gunzTarPerm extractEntry deps/mhash/lib/keygen_asis.c
549 silly gunzTarPerm extractEntry deps/mhash/lib/keygen_hex.c
550 silly gunzTarPerm extractEntry deps/mhash/lib/keygen_mcrypt.c
551 silly gunzTarPerm extractEntry deps/mhash/lib/keygen_s2k.c
552 silly gunzTarPerm extractEntry deps/mhash/lib/libdefs.h
553 silly gunzTarPerm extractEntry deps/mhash/lib/libmhash.sym
554 silly gunzTarPerm extractEntry deps/mhash/lib/md2.c
555 silly gunzTarPerm extractEntry deps/mhash/lib/md4.c
556 silly gunzTarPerm extractEntry deps/mhash/lib/md5.c
557 silly gunzTarPerm extractEntry deps/mhash/lib/mhash.c
558 silly gunzTarPerm extractEntry deps/mhash/lib/mhash_adler32.h
559 silly gunzTarPerm extractEntry deps/mhash/lib/mhash_crc32.h
560 silly gunzTarPerm extractEntry deps/mhash/lib/mhash_gost.h
561 silly gunzTarPerm extractEntry deps/mhash/lib/mhash_haval.h
562 silly gunzTarPerm extractEntry deps/mhash/lib/Makefile.in
563 silly gunzTarPerm extractEntry deps/mhash/lib/mhash_md2.h
564 silly gunzTarPerm extractEntry deps/mhash/lib/mhash_md4.h
565 silly gunzTarPerm extractEntry deps/mhash/lib/mhash_md5.h
566 silly gunzTarPerm extractEntry deps/mhash/lib/mhash_ripemd.h
567 silly gunzTarPerm extractEntry deps/mhash/lib/mhash_sha1.h
568 silly gunzTarPerm extractEntry deps/mhash/lib/mhash_sha256.h
569 silly gunzTarPerm extractEntry deps/mhash/lib/mhash_sha256_sha224.h
570 silly gunzTarPerm extractEntry deps/mhash/lib/mhash_sha512_sha384.h
571 silly gunzTarPerm extractEntry deps/mhash/lib/mhash_snefru.h
572 silly gunzTarPerm extractEntry deps/mhash/lib/mhash_tiger.h
573 silly gunzTarPerm extractEntry deps/mhash/lib/mhash_whirlpool.h
574 silly gunzTarPerm extractEntry deps/mhash/lib/ripemd.c
575 silly gunzTarPerm extractEntry deps/mhash/lib/sha1.c
576 silly gunzTarPerm extractEntry deps/mhash/lib/sha256.c
577 silly gunzTarPerm extractEntry deps/mhash/lib/sha256_sha224.c
578 silly gunzTarPerm extractEntry deps/mhash/lib/sha512_sha384.c
579 silly gunzTarPerm extractEntry deps/mhash/lib/snefru.c
580 silly gunzTarPerm extractEntry deps/mhash/lib/stdfns.c
581 silly gunzTarPerm extractEntry deps/mhash/lib/tiger.c
582 silly gunzTarPerm extractEntry deps/mhash/lib/tiger_sboxes.c
583 silly gunzTarPerm extractEntry deps/mhash/lib/whirlpool.c
584 silly gunzTarPerm extractEntry deps/mhash/ltmain.sh
585 silly gunzTarPerm extractEntry deps/mhash/mhash-0.9.9/README
586 silly gunzTarPerm extractEntry deps/mhash/mhash-0.9.9/config.guess
587 silly gunzTarPerm extractEntry deps/mhash/mhash-0.9.9/ChangeLog
588 silly gunzTarPerm extractEntry deps/mhash/mhash-0.9.9/INSTALL
589 silly gunzTarPerm extractEntry deps/mhash/mhash-0.9.9/Makefile.am
590 silly gunzTarPerm extractEntry deps/mhash/mhash-0.9.9/Makefile.in
591 silly gunzTarPerm extractEntry deps/mhash/mhash-0.9.9/NEWS
592 silly gunzTarPerm extractEntry deps/mhash/mhash-0.9.9/AUTHORS
593 silly gunzTarPerm extractEntry deps/mhash/mhash-0.9.9/THANKS
594 silly gunzTarPerm extractEntry deps/mhash/mhash-0.9.9/TODO
595 silly gunzTarPerm extractEntry deps/mhash/mhash-0.9.9/acinclude.m4
596 silly gunzTarPerm extractEntry deps/mhash/mhash-0.9.9/aclocal.m4
597 silly gunzTarPerm extractEntry deps/mhash/mhash-0.9.9/COPYING
598 silly gunzTarPerm extractEntry deps/mhash/mhash-0.9.9/config.sub
599 silly gunzTarPerm extractEntry deps/mhash/mhash-0.9.9/configure
600 silly gentlyRm /usr/local/lib/node_modules/.staging/nan-40954310/node_modules is being purged
601 verbose gentlyRm don't care about contents; nuking /usr/local/lib/node_modules/.staging/nan-40954310/node_modules
602 silly gunzTarPerm extractEntry deps/mhash/mhash-0.9.9/configure.in
603 silly gunzTarPerm extractEntry deps/mhash/mhash-0.9.9/depcomp
604 silly gunzTarPerm extractEntry deps/mhash/mhash-0.9.9/include/Makefile.am
605 silly gunzTarPerm extractEntry deps/mhash/mhash-0.9.9/include/Makefile.in
606 silly gunzTarPerm extractEntry deps/mhash/mhash-0.9.9/include/mhash.h
607 silly gunzTarPerm extractEntry deps/mhash/mhash-0.9.9/include/mutils/mglobal.h
608 silly gunzTarPerm extractEntry deps/mhash/mhash-0.9.9/include/mutils/mhash.h
609 silly gunzTarPerm extractEntry deps/mhash/mhash-0.9.9/include/mutils/mhash_config.h
610 silly gunzTarPerm extractEntry deps/mhash/mhash-0.9.9/include/mutils/mhash_config.h.in
611 silly gunzTarPerm extractEntry deps/mhash/mhash-0.9.9/include/mutils/mincludes.h
612 silly gunzTarPerm extractEntry deps/mhash/mhash-0.9.9/include/mutils/mtypes.h
613 silly gunzTarPerm extractEntry deps/mhash/mhash-0.9.9/include/mutils/mutils.h
614 silly gunzTarPerm extractEntry deps/mhash/mhash-0.9.9/install-sh
615 silly gunzTarPerm extractEntry deps/mhash/mhash-0.9.9/ltmain.sh
616 silly gunzTarPerm extractEntry deps/mhash/mhash-0.9.9/mhash.spec
617 silly gunzTarPerm extractEntry deps/mhash/mhash-0.9.9/mhash.spec.in
618 silly gunzTarPerm extractEntry deps/mhash/mhash-0.9.9/missing
619 silly gunzTarPerm extractEntry deps/mhash/mhash.spec.in
620 silly gunzTarPerm extractEntry deps/mhash/missing
621 silly gunzTarPerm extractEntry deps/mhash/src/.cvsignore
622 silly gunzTarPerm extractEntry deps/mhash/src/Makefile.am
623 silly gunzTarPerm extractEntry deps/mhash/src/Makefile.in
624 silly gunzTarPerm extractEntry deps/mhash/src/driver.c
625 silly gunzTarPerm extractEntry deps/mhash/src/frag_test.c
626 silly gunzTarPerm extractEntry deps/mhash/src/hash_test.sh
627 silly gunzTarPerm extractEntry deps/mhash/src/hmac_test.c
628 silly gunzTarPerm extractEntry deps/mhash/src/keygen_test.c
629 silly gunzTarPerm extractEntry deps/mhash/src/mhash_save_restore_test.c
630 silly gunzTarPerm extractEntry deps/mhash/stamp-h1
631 silly gunzTarPerm extractEntry deps/mhash/win32/libmhash/libmhash.dsp
632 silly gunzTarPerm extractEntry deps/mhash/win32/mhash/mhash.dsp
633 silly gunzTarPerm extractEntry binding.gyp
634 silly gunzTarPerm extractEntry wscript
635 silly gentlyRm /usr/local/lib/node_modules/.staging/mhash-09ee3c0e/node_modules is being purged
636 verbose gentlyRm don't care about contents; nuking /usr/local/lib/node_modules/.staging/mhash-09ee3c0e/node_modules
637 silly doParallel preinstall 6
638 silly preinstall bindings@1.2.1 /usr/local/lib/node_modules/.staging/bindings-acc31a9e
639 info lifecycle bindings@1.2.1~preinstall: bindings@1.2.1
640 silly preinstall nan@2.7.0 /usr/local/lib/node_modules/.staging/nan-40954310
641 info lifecycle nan@2.7.0~preinstall: nan@2.7.0
642 silly preinstall bindings@1.3.0 /usr/local/lib/node_modules/.staging/bindings-bafba07a
643 info lifecycle bindings@1.3.0~preinstall: bindings@1.3.0
644 silly preinstall mhash@2.1.6 /usr/local/lib/node_modules/.staging/mhash-09ee3c0e
645 info lifecycle mhash@2.1.6~preinstall: mhash@2.1.6
646 silly preinstall node-crc@1.2.0 /usr/local/lib/node_modules/.staging/node-crc-bd7d44ca
647 info lifecycle node-crc@1.2.0~preinstall: node-crc@1.2.0
648 silly preinstall magiccrypt@2.2.0 /usr/local/lib/node_modules/.staging/magiccrypt-304f5098
649 info lifecycle magiccrypt@2.2.0~preinstall: magiccrypt@2.2.0
650 silly lifecycle bindings@1.2.1~preinstall: no script for preinstall, continuing
651 silly lifecycle nan@2.7.0~preinstall: no script for preinstall, continuing
652 silly lifecycle bindings@1.3.0~preinstall: no script for preinstall, continuing
653 silly lifecycle mhash@2.1.6~preinstall: no script for preinstall, continuing
654 silly lifecycle node-crc@1.2.0~preinstall: no script for preinstall, continuing
655 silly lifecycle magiccrypt@2.2.0~preinstall: no script for preinstall, continuing
656 silly doReverseSerial remove 0
657 silly doSerial move 0
658 silly doSerial finalize 6
659 silly finalize /usr/local/lib/node_modules/magiccrypt/node_modules/bindings
660 silly finalize /usr/local/lib/node_modules/magiccrypt/node_modules/nan
661 silly finalize /usr/local/lib/node_modules/magiccrypt/node_modules/node-crc/node_modules/bindings
662 silly finalize /usr/local/lib/node_modules/magiccrypt/node_modules/mhash
663 silly finalize /usr/local/lib/node_modules/magiccrypt/node_modules/node-crc
664 silly finalize /usr/local/lib/node_modules/magiccrypt
665 silly doSerial build 6
666 silly build bindings@1.2.1
667 info linkStuff bindings@1.2.1
668 silly linkStuff bindings@1.2.1 has /usr/local/lib/node_modules/magiccrypt/node_modules as its parent node_modules
669 silly linkStuff bindings@1.2.1 is part of a global install
670 silly linkStuff bindings@1.2.1 is installed into a global node_modules
671 verbose linkBins bindings@1.2.1
672 verbose linkMans bindings@1.2.1
673 silly build nan@2.7.0
674 info linkStuff nan@2.7.0
675 silly linkStuff nan@2.7.0 has /usr/local/lib/node_modules/magiccrypt/node_modules as its parent node_modules
676 silly linkStuff nan@2.7.0 is part of a global install
677 silly linkStuff nan@2.7.0 is installed into a global node_modules
678 verbose linkBins nan@2.7.0
679 verbose linkMans nan@2.7.0
680 silly build bindings@1.3.0
681 info linkStuff bindings@1.3.0
682 silly linkStuff bindings@1.3.0 has /usr/local/lib/node_modules/magiccrypt/node_modules/node-crc/node_modules as its parent node_modules
683 silly linkStuff bindings@1.3.0 is part of a global install
684 silly linkStuff bindings@1.3.0 is installed into a global node_modules
685 verbose linkBins bindings@1.3.0
686 verbose linkMans bindings@1.3.0
687 silly build mhash@2.1.6
688 info linkStuff mhash@2.1.6
689 silly linkStuff mhash@2.1.6 has /usr/local/lib/node_modules/magiccrypt/node_modules as its parent node_modules
690 silly linkStuff mhash@2.1.6 is part of a global install
691 silly linkStuff mhash@2.1.6 is installed into a global node_modules
692 verbose linkBins mhash@2.1.6
693 verbose linkMans mhash@2.1.6
694 silly build node-crc@1.2.0
695 info linkStuff node-crc@1.2.0
696 silly linkStuff node-crc@1.2.0 has /usr/local/lib/node_modules/magiccrypt/node_modules as its parent node_modules
697 silly linkStuff node-crc@1.2.0 is part of a global install
698 silly linkStuff node-crc@1.2.0 is installed into a global node_modules
699 verbose linkBins node-crc@1.2.0
700 verbose linkMans node-crc@1.2.0
701 silly build magiccrypt@2.2.0
702 info linkStuff magiccrypt@2.2.0
703 silly linkStuff magiccrypt@2.2.0 has /usr/local/lib/node_modules as its parent node_modules
704 silly linkStuff magiccrypt@2.2.0 is part of a global install
705 silly linkStuff magiccrypt@2.2.0 is installed into a global node_modules
706 silly linkStuff magiccrypt@2.2.0 is installed into the top-level global node_modules
707 verbose linkBins magiccrypt@2.2.0
708 verbose linkMans magiccrypt@2.2.0
709 silly doSerial global-link 0
710 silly doParallel update-linked 0
711 silly doSerial install 6
712 silly install bindings@1.2.1 /usr/local/lib/node_modules/.staging/bindings-acc31a9e
713 info lifecycle bindings@1.2.1~install: bindings@1.2.1
714 silly lifecycle bindings@1.2.1~install: no script for install, continuing
715 silly install nan@2.7.0 /usr/local/lib/node_modules/.staging/nan-40954310
716 info lifecycle nan@2.7.0~install: nan@2.7.0
717 silly lifecycle nan@2.7.0~install: no script for install, continuing
718 silly install bindings@1.3.0 /usr/local/lib/node_modules/.staging/bindings-bafba07a
719 info lifecycle bindings@1.3.0~install: bindings@1.3.0
720 silly lifecycle bindings@1.3.0~install: no script for install, continuing
721 silly install mhash@2.1.6 /usr/local/lib/node_modules/.staging/mhash-09ee3c0e
722 info lifecycle mhash@2.1.6~install: mhash@2.1.6
723 verbose lifecycle mhash@2.1.6~install: unsafe-perm in lifecycle true
724 verbose lifecycle mhash@2.1.6~install: PATH: /usr/local/lib/node_modules/npm/bin/node-gyp-bin:/usr/local/lib/node_modules/magiccrypt/node_modules/mhash/node_modules/.bin:/usr/local/lib/node_modules/magiccrypt/node_modules/.bin:/usr/local/lib/node_modules/.bin:/usr/local/bin:/usr/bin:/bin:/usr/sbin:/sbin:/opt/X11/bin:/opt/ImageMagick/bin
725 verbose lifecycle mhash@2.1.6~install: CWD: /usr/local/lib/node_modules/magiccrypt/node_modules/mhash
726 silly lifecycle mhash@2.1.6~install: Args: [ '-c', 'node-gyp rebuild' ]
727 silly lifecycle mhash@2.1.6~install: Returned: code: 0  signal: null
728 silly install node-crc@1.2.0 /usr/local/lib/node_modules/.staging/node-crc-bd7d44ca
729 info lifecycle node-crc@1.2.0~install: node-crc@1.2.0
730 verbose lifecycle node-crc@1.2.0~install: unsafe-perm in lifecycle true
731 verbose lifecycle node-crc@1.2.0~install: PATH: /usr/local/lib/node_modules/npm/bin/node-gyp-bin:/usr/local/lib/node_modules/magiccrypt/node_modules/node-crc/node_modules/.bin:/usr/local/lib/node_modules/magiccrypt/node_modules/.bin:/usr/local/lib/node_modules/.bin:/usr/local/bin:/usr/bin:/bin:/usr/sbin:/sbin:/opt/X11/bin:/opt/ImageMagick/bin
732 verbose lifecycle node-crc@1.2.0~install: CWD: /usr/local/lib/node_modules/magiccrypt/node_modules/node-crc
733 silly lifecycle node-crc@1.2.0~install: Args: [ '-c', 'node-gyp rebuild' ]
734 silly lifecycle node-crc@1.2.0~install: Returned: code: 1  signal: null
735 info lifecycle node-crc@1.2.0~install: Failed to exec install script
736 verbose unlock done using /Users/admin/.npm/_locks/staging-3a08f0df5026584d.lock for /usr/local/lib/node_modules/.staging
737 silly rollbackFailedOptional Starting
738 silly rollbackFailedOptional Finishing
739 silly runTopLevelLifecycles Finishing
740 silly install printInstalled
741 verbose stack Error: node-crc@1.2.0 install: `node-gyp rebuild`
741 verbose stack Exit status 1
741 verbose stack     at EventEmitter.<anonymous> (/usr/local/lib/node_modules/npm/lib/utils/lifecycle.js:255:16)
741 verbose stack     at emitTwo (events.js:106:13)
741 verbose stack     at EventEmitter.emit (events.js:191:7)
741 verbose stack     at ChildProcess.<anonymous> (/usr/local/lib/node_modules/npm/lib/utils/spawn.js:40:14)
741 verbose stack     at emitTwo (events.js:106:13)
741 verbose stack     at ChildProcess.emit (events.js:191:7)
741 verbose stack     at maybeClose (internal/child_process.js:920:16)
741 verbose stack     at Process.ChildProcess._handle.onexit (internal/child_process.js:230:5)
742 verbose pkgid node-crc@1.2.0
743 verbose cwd /Users/admin/Documents/Webstorm/Locator
744 error Darwin 16.7.0
745 error argv "/usr/local/bin/node" "/usr/local/bin/npm" "install" "-g" "MagicCrypt"
746 error node v6.11.4
747 error npm  v3.10.10
748 error code ELIFECYCLE
749 error node-crc@1.2.0 install: `node-gyp rebuild`
749 error Exit status 1
750 error Failed at the node-crc@1.2.0 install script 'node-gyp rebuild'.
750 error Make sure you have the latest version of node.js and npm installed.
750 error If you do, this is most likely a problem with the node-crc package,
750 error not with npm itself.
750 error Tell the author that this fails on your system:
750 error     node-gyp rebuild
750 error You can get information on how to open an issue for this project with:
750 error     npm bugs node-crc
750 error Or if that isn't available, you can get their info via:
750 error     npm owner ls node-crc
750 error There is likely additional logging output above.
751 verbose exit [ 1, true ]
